<?xml version="1.0" encoding="UTF-8"?>
<!-- Generated by org.testng.reporters.JUnitReportReporter -->
<testsuite hostname="DESKTOP-33SIMU9" failures="0" tests="2" name="com.orangehrm.qa.test.LoginpPageTest" time="11.926" errors="0" timestamp="2021-08-05T17:43:14 CDT" skipped="0">
  <testcase classname="com.orangehrm.qa.test.LoginpPageTest" name="Verifyloginpannel" time="4.076"/>
  <system-out/>
  <testcase classname="com.orangehrm.qa.test.LoginpPageTest" name="Verifylogin" time="7.850"/>
  <system-out/>
</testsuite> <!-- com.orangehrm.qa.test.LoginpPageTest -->
