<?xml version="1.0" encoding="UTF-8"?>
<!-- Generated by org.testng.reporters.JUnitReportReporter -->
<testsuite hostname="DESKTOP-33SIMU9" failures="0" tests="1" name="com.orangehrm.qa.test.addUserPageTest" time="10.554" errors="0" timestamp="2021-09-16T09:57:02 CDT" skipped="0">
  <testcase classname="com.orangehrm.qa.test.addUserPageTest" name="verifyLogo" time="10.554"/>
  <system-out/>
</testsuite> <!-- com.orangehrm.qa.test.addUserPageTest -->
