<?xml version="1.0" encoding="UTF-8"?>
<!-- Generated by org.testng.reporters.JUnitReportReporter -->
<testsuite hostname="DESKTOP-33SIMU9" failures="0" tests="1" name="com.orangehrm.qa.test.EmployeeTimesheetPageTest" time="11.433" errors="0" timestamp="2021-08-06T16:20:05 CDT" skipped="0">
  <testcase classname="com.orangehrm.qa.test.EmployeeTimesheetPageTest" name="viewAttendanceRecordTest" time="11.433"/>
  <system-out/>
</testsuite> <!-- com.orangehrm.qa.test.EmployeeTimesheetPageTest -->
