<?xml version="1.0" encoding="UTF-8"?>
<!-- Generated by org.testng.reporters.JUnitReportReporter -->
<testsuite hostname="DESKTOP-33SIMU9" failures="0" tests="1" name="com.orangehrm.qa.test.AttendenceRecordPageTest" time="10.981" errors="0" timestamp="2021-09-16T10:18:07 CDT" skipped="0">
  <testcase classname="com.orangehrm.qa.test.AttendenceRecordPageTest" name="verifyLogo" time="10.981"/>
  <system-out/>
</testsuite> <!-- com.orangehrm.qa.test.AttendenceRecordPageTest -->
