<?xml version="1.0" encoding="UTF-8"?>
<!-- Generated by org.testng.reporters.JUnitReportReporter -->
<testsuite hostname="DESKTOP-33SIMU9" failures="0" tests="1" name="com.orangehrm.qa.test.AttendenceRecordPageTest" time="10.056" errors="0" timestamp="2021-08-07T14:26:43 CDT" skipped="0">
  <testcase classname="com.orangehrm.qa.test.AttendenceRecordPageTest" name="viewRecordwithDateTest" time="10.056"/>
  <system-out/>
</testsuite> <!-- com.orangehrm.qa.test.AttendenceRecordPageTest -->
